<?xml version="1.0" encoding="UTF-8"?>
<testsuites name="Login" time="205.829" tests="7" failures="0" errors="0">
   <testsuite name="Login" tests="7" failures="0" errors="0" time="205.829" skipped="0" timestamp="2024-07-27 21:42:29" hostname="raymond - localhost" id="Test Suites/Login">
      <properties>
         <property name="deviceName" value=""/>
         <property name="devicePlatform" value=""/>
         <property name="logFolder" value="/Users/raymond/git/Demo-Cura/Reports/20240727_214223/Login/20240727_214223"/>
         <property name="logFiles" value="/Users/raymond/git/Demo-Cura/Reports/20240727_214223/Login/20240727_214223/execution0.log"/>
         <property name="attachments" value=""/>
         <property name="hostName" value="raymond - localhost"/>
         <property name="os" value="Mac OS X 64bit"/>
         <property name="katalonVersion" value="8.6.8.208"/>
         <property name="browser" value="Chrome 126.0.0.0"/>
         <property name="hostAddress" value="192.168.100.171"/>
         <property name="sessionId" value="30804a42db317bff73efbe4dd6e85975"/>
         <property name="seleniumVersion" value="3.141.59"/>
         <property name="proxyInformation" value="ProxyInformation { proxyOption=NO_PROXY, proxyServerType=HTTP, username=, password=********, proxyServerAddress=, proxyServerPort=0, executionList=&quot;&quot;, isApplyToDesiredCapabilities=true }"/>
         <property name="platform" value="Mac OS X"/>
      </properties>
      <testcase name="Test Cases/Login-userpass kosong" time="31.962" classname="Test Cases/Login-userpass kosong" status="PASSED">
         <system-out><![CDATA[2024-07-27 21:42:29 - [TEST_CASE][PASSED] - Test Cases/Login-userpass kosong: Test Cases/Login-userpass kosong

2024-07-27 21:42:30 - [TEST_STEP][PASSED] - openBrowser(""): Browser is opened with url: ''

2024-07-27 21:42:31 - [MESSAGE][INFO] - Starting 'Chrome' driver

2024-07-27 21:42:31 - [MESSAGE][INFO] - Action delay is set to 0 milliseconds

2024-07-27 21:42:47 - [MESSAGE][PASSED] - Browser is opened with url: ''

2024-07-27 21:42:47 - [TEST_STEP][PASSED] - navigateToUrl("https://katalon-demo-cura.herokuapp.com/"): Navigate to 'https://katalon-demo-cura.herokuapp.com/' successfully

2024-07-27 21:42:52 - [MESSAGE][PASSED] - Navigate to 'https://katalon-demo-cura.herokuapp.com/' successfully

2024-07-27 21:42:52 - [TEST_STEP][PASSED] - maximizeWindow(): Current window maximized

2024-07-27 21:42:53 - [MESSAGE][PASSED] - Current window maximized

2024-07-27 21:42:53 - [TEST_STEP][PASSED] - click(findTestObject("Page_CURA Healthcare Service/Page_CURA Healthcare Service/a_Make Appointment")): Object: 'Object Repository/Page_CURA Healthcare Service/Page_CURA Healthcare Service/a_Make Appointment' is clicked on

2024-07-27 21:42:56 - [MESSAGE][PASSED] - Object: 'Object Repository/Page_CURA Healthcare Service/Page_CURA Healthcare Service/a_Make Appointment' is clicked on

2024-07-27 21:42:56 - [TEST_STEP][PASSED] - delay(3): Delayed 3 second(s)

2024-07-27 21:42:59 - [MESSAGE][PASSED] - Delayed 3 second(s)

2024-07-27 21:42:59 - [TEST_STEP][PASSED] - click(findTestObject("Object Repository/Page_CURA Healthcare Service/button_Login")): Object: 'Object Repository/Page_CURA Healthcare Service/button_Login' is clicked on

2024-07-27 21:43:01 - [MESSAGE][PASSED] - Object: 'Object Repository/Page_CURA Healthcare Service/button_Login' is clicked on

2024-07-27 21:43:01 - [TEST_STEP][PASSED] - verifyElementText(findTestObject("Page_CURA Healthcare Service/Page_CURA Healthcare Service/p_Login failed Please ensure the username and password are valid"), "Login failed! Please ensure the username and password are valid."): Actual text and expected text of test object 'Object Repository/Page_CURA Healthcare Service/Page_CURA Healthcare Service/p_Login failed Please ensure the username and password are valid' are matched.

2024-07-27 21:43:01 - [MESSAGE][PASSED] - Actual text and expected text of test object 'Object Repository/Page_CURA Healthcare Service/Page_CURA Healthcare Service/p_Login failed Please ensure the username and password are valid' are matched.]]></system-out>
         <system-err><![CDATA[]]></system-err>
      </testcase>
      <testcase name="Test Cases/Login-normal" time="23.995" classname="Test Cases/Login-normal" status="PASSED">
         <system-out><![CDATA[2024-07-27 21:43:01 - [TEST_CASE][PASSED] - Test Cases/Login-normal: Test Cases/Login-normal

2024-07-27 21:43:03 - [TEST_STEP][PASSED] - openBrowser(""): Browser is opened with url: ''

2024-07-27 21:43:03 - [MESSAGE][WARNING] - A browser is already opened. Closing browser and opening a new one

2024-07-27 21:43:03 - [MESSAGE][INFO] - Starting 'Chrome' driver

2024-07-27 21:43:03 - [MESSAGE][INFO] - Action delay is set to 0 milliseconds

2024-07-27 21:43:11 - [MESSAGE][PASSED] - Browser is opened with url: ''

2024-07-27 21:43:11 - [TEST_STEP][PASSED] - navigateToUrl("https://katalon-demo-cura.herokuapp.com/"): Navigate to 'https://katalon-demo-cura.herokuapp.com/' successfully

2024-07-27 21:43:16 - [MESSAGE][PASSED] - Navigate to 'https://katalon-demo-cura.herokuapp.com/' successfully

2024-07-27 21:43:16 - [TEST_STEP][PASSED] - maximizeWindow(): Current window maximized

2024-07-27 21:43:16 - [MESSAGE][PASSED] - Current window maximized

2024-07-27 21:43:16 - [TEST_STEP][PASSED] - click(findTestObject("Page_CURA Healthcare Service/Page_CURA Healthcare Service/a_Make Appointment")): Object: 'Object Repository/Page_CURA Healthcare Service/Page_CURA Healthcare Service/a_Make Appointment' is clicked on

2024-07-27 21:43:20 - [MESSAGE][PASSED] - Object: 'Object Repository/Page_CURA Healthcare Service/Page_CURA Healthcare Service/a_Make Appointment' is clicked on

2024-07-27 21:43:20 - [TEST_STEP][PASSED] - setText(findTestObject("Object Repository/Page_CURA Healthcare Service/input_Username_username"), "John Doe"): Text 'John Doe' is set on object 'Object Repository/Page_CURA Healthcare Service/input_Username_username'

2024-07-27 21:43:22 - [MESSAGE][PASSED] - Text 'John Doe' is set on object 'Object Repository/Page_CURA Healthcare Service/input_Username_username'

2024-07-27 21:43:22 - [TEST_STEP][PASSED] - setEncryptedText(findTestObject("Object Repository/Page_CURA Healthcare Service/input_Password_password"), "g3/DOGG74jC3Flrr3yH+3D/yKbOqqUNM"): Text ****** has been set on object 'Object Repository/Page_CURA Healthcare Service/input_Password_password'

2024-07-27 21:43:23 - [MESSAGE][PASSED] - Text ****** has been set on object 'Object Repository/Page_CURA Healthcare Service/input_Password_password'

2024-07-27 21:43:23 - [TEST_STEP][PASSED] - click(findTestObject("Object Repository/Page_CURA Healthcare Service/button_Login")): Object: 'Object Repository/Page_CURA Healthcare Service/button_Login' is clicked on

2024-07-27 21:43:25 - [MESSAGE][PASSED] - Object: 'Object Repository/Page_CURA Healthcare Service/button_Login' is clicked on

2024-07-27 21:43:25 - [TEST_STEP][PASSED] - verifyElementText(findTestObject("Object Repository/Page_CURA Healthcare Service/h2_Make Appointment"), "Make Appointment"): Actual text and expected text of test object 'Object Repository/Page_CURA Healthcare Service/h2_Make Appointment' are matched.

2024-07-27 21:43:25 - [MESSAGE][PASSED] - Actual text and expected text of test object 'Object Repository/Page_CURA Healthcare Service/h2_Make Appointment' are matched.]]></system-out>
         <system-err><![CDATA[]]></system-err>
      </testcase>
      <testcase name="Test Cases/Login-full-flow" time="55.099" classname="Test Cases/Login-full-flow" status="PASSED">
         <system-out><![CDATA[2024-07-27 21:43:25 - [TEST_CASE][PASSED] - Test Cases/Login-full-flow: Test Cases/Login-full-flow

2024-07-27 21:43:26 - [TEST_STEP][PASSED] - openBrowser(""): Browser is opened with url: ''

2024-07-27 21:43:26 - [MESSAGE][WARNING] - A browser is already opened. Closing browser and opening a new one

2024-07-27 21:43:26 - [MESSAGE][INFO] - Starting 'Chrome' driver

2024-07-27 21:43:26 - [MESSAGE][INFO] - Action delay is set to 0 milliseconds

2024-07-27 21:43:34 - [MESSAGE][PASSED] - Browser is opened with url: ''

2024-07-27 21:43:34 - [TEST_STEP][PASSED] - navigateToUrl("https://katalon-demo-cura.herokuapp.com/"): Navigate to 'https://katalon-demo-cura.herokuapp.com/' successfully

2024-07-27 21:43:39 - [MESSAGE][PASSED] - Navigate to 'https://katalon-demo-cura.herokuapp.com/' successfully

2024-07-27 21:43:39 - [TEST_STEP][PASSED] - click(findTestObject("Page_CURA Healthcare Service/Page_CURA Healthcare Service/a_Make Appointment")): Object: 'Object Repository/Page_CURA Healthcare Service/Page_CURA Healthcare Service/a_Make Appointment' is clicked on

2024-07-27 21:43:42 - [MESSAGE][PASSED] - Object: 'Object Repository/Page_CURA Healthcare Service/Page_CURA Healthcare Service/a_Make Appointment' is clicked on

2024-07-27 21:43:42 - [TEST_STEP][PASSED] - setText(findTestObject("Object Repository/Page_CURA Healthcare Service/input_Username_username"), "John Doe"): Text 'John Doe' is set on object 'Object Repository/Page_CURA Healthcare Service/input_Username_username'

2024-07-27 21:43:45 - [MESSAGE][PASSED] - Text 'John Doe' is set on object 'Object Repository/Page_CURA Healthcare Service/input_Username_username'

2024-07-27 21:43:45 - [TEST_STEP][PASSED] - setEncryptedText(findTestObject("Object Repository/Page_CURA Healthcare Service/input_Password_password"), "g3/DOGG74jC3Flrr3yH+3D/yKbOqqUNM"): Text ****** has been set on object 'Object Repository/Page_CURA Healthcare Service/input_Password_password'

2024-07-27 21:43:46 - [MESSAGE][PASSED] - Text ****** has been set on object 'Object Repository/Page_CURA Healthcare Service/input_Password_password'

2024-07-27 21:43:46 - [TEST_STEP][PASSED] - click(findTestObject("Object Repository/Page_CURA Healthcare Service/button_Login")): Object: 'Object Repository/Page_CURA Healthcare Service/button_Login' is clicked on

2024-07-27 21:43:50 - [MESSAGE][PASSED] - Object: 'Object Repository/Page_CURA Healthcare Service/button_Login' is clicked on

2024-07-27 21:43:50 - [TEST_STEP][PASSED] - verifyElementText(findTestObject("Object Repository/Page_CURA Healthcare Service/h2_Make Appointment"), "Make Appointment"): Actual text and expected text of test object 'Object Repository/Page_CURA Healthcare Service/h2_Make Appointment' are matched.

2024-07-27 21:43:50 - [MESSAGE][PASSED] - Actual text and expected text of test object 'Object Repository/Page_CURA Healthcare Service/h2_Make Appointment' are matched.

2024-07-27 21:43:50 - [TEST_STEP][PASSED] - selectOptionByValue(findTestObject("Object Repository/Page_CURA Healthcare Service/select_Tokyo CURA Healthcare Center        _5b4107"), "Hongkong CURA Healthcare Center", true): All options with value 'Hongkong CURA Healthcare Center' are selected in object 'Object Repository/Page_CURA Healthcare Service/select_Tokyo CURA Healthcare Center        _5b4107'  using regular expression

2024-07-27 21:43:52 - [MESSAGE][PASSED] - All options with value 'Hongkong CURA Healthcare Center' are selected in object 'Object Repository/Page_CURA Healthcare Service/select_Tokyo CURA Healthcare Center        _5b4107'  using regular expression

2024-07-27 21:43:52 - [TEST_STEP][PASSED] - selectOptionByValue(findTestObject("Object Repository/Page_CURA Healthcare Service/select_Tokyo CURA Healthcare Center        _5b4107"), "Seoul CURA Healthcare Center", true): All options with value 'Seoul CURA Healthcare Center' are selected in object 'Object Repository/Page_CURA Healthcare Service/select_Tokyo CURA Healthcare Center        _5b4107'  using regular expression

2024-07-27 21:43:53 - [MESSAGE][PASSED] - All options with value 'Seoul CURA Healthcare Center' are selected in object 'Object Repository/Page_CURA Healthcare Service/select_Tokyo CURA Healthcare Center        _5b4107'  using regular expression

2024-07-27 21:43:53 - [TEST_STEP][PASSED] - selectOptionByValue(findTestObject("Object Repository/Page_CURA Healthcare Service/select_Tokyo CURA Healthcare Center        _5b4107"), "Tokyo CURA Healthcare Center", true): All options with value 'Tokyo CURA Healthcare Center' are selected in object 'Object Repository/Page_CURA Healthcare Service/select_Tokyo CURA Healthcare Center        _5b4107'  using regular expression

2024-07-27 21:43:54 - [MESSAGE][PASSED] - All options with value 'Tokyo CURA Healthcare Center' are selected in object 'Object Repository/Page_CURA Healthcare Service/select_Tokyo CURA Healthcare Center        _5b4107'  using regular expression

2024-07-27 21:43:54 - [TEST_STEP][PASSED] - click(findTestObject("Object Repository/Page_CURA Healthcare Service/label_Apply for hospital readmission")): Object: 'Object Repository/Page_CURA Healthcare Service/label_Apply for hospital readmission' is clicked on

2024-07-27 21:43:55 - [MESSAGE][PASSED] - Object: 'Object Repository/Page_CURA Healthcare Service/label_Apply for hospital readmission' is clicked on

2024-07-27 21:43:55 - [TEST_STEP][PASSED] - click(findTestObject("Object Repository/Page_CURA Healthcare Service/label_Medicaid")): Object: 'Object Repository/Page_CURA Healthcare Service/label_Medicaid' is clicked on

2024-07-27 21:43:56 - [MESSAGE][PASSED] - Object: 'Object Repository/Page_CURA Healthcare Service/label_Medicaid' is clicked on

2024-07-27 21:43:56 - [TEST_STEP][PASSED] - click(findTestObject("Object Repository/Page_CURA Healthcare Service/label_None")): Object: 'Object Repository/Page_CURA Healthcare Service/label_None' is clicked on

2024-07-27 21:43:57 - [MESSAGE][PASSED] - Object: 'Object Repository/Page_CURA Healthcare Service/label_None' is clicked on

2024-07-27 21:43:57 - [TEST_STEP][PASSED] - click(findTestObject("Object Repository/Page_CURA Healthcare Service/label_Medicaid")): Object: 'Object Repository/Page_CURA Healthcare Service/label_Medicaid' is clicked on

2024-07-27 21:43:59 - [MESSAGE][PASSED] - Object: 'Object Repository/Page_CURA Healthcare Service/label_Medicaid' is clicked on

2024-07-27 21:43:59 - [TEST_STEP][PASSED] - click(findTestObject("Object Repository/Page_CURA Healthcare Service/label_Medicare")): Object: 'Object Repository/Page_CURA Healthcare Service/label_Medicare' is clicked on

2024-07-27 21:44:00 - [MESSAGE][PASSED] - Object: 'Object Repository/Page_CURA Healthcare Service/label_Medicare' is clicked on

2024-07-27 21:44:00 - [TEST_STEP][PASSED] - setText(findTestObject("Object Repository/Page_CURA Healthcare Service/input_Visit Date (Required)_visit_date"), "30/07/2024"): Text '30/07/2024' is set on object 'Object Repository/Page_CURA Healthcare Service/input_Visit Date (Required)_visit_date'

2024-07-27 21:44:12 - [MESSAGE][PASSED] - Text '30/07/2024' is set on object 'Object Repository/Page_CURA Healthcare Service/input_Visit Date (Required)_visit_date'

2024-07-27 21:44:12 - [TEST_STEP][PASSED] - setText(findTestObject("Object Repository/Page_CURA Healthcare Service/textarea_Comment_comment"), "Demo Cura test automation"): Text 'Demo Cura test automation' is set on object 'Object Repository/Page_CURA Healthcare Service/textarea_Comment_comment'

2024-07-27 21:44:14 - [MESSAGE][PASSED] - Text 'Demo Cura test automation' is set on object 'Object Repository/Page_CURA Healthcare Service/textarea_Comment_comment'

2024-07-27 21:44:14 - [TEST_STEP][PASSED] - click(findTestObject("Object Repository/Page_CURA Healthcare Service/button_Book Appointment")): Object: 'Object Repository/Page_CURA Healthcare Service/button_Book Appointment' is clicked on

2024-07-27 21:44:17 - [MESSAGE][PASSED] - Object: 'Object Repository/Page_CURA Healthcare Service/button_Book Appointment' is clicked on

2024-07-27 21:44:17 - [TEST_STEP][PASSED] - verifyElementText(findTestObject("Object Repository/Page_CURA Healthcare Service/h2_Appointment Confirmation"), "Appointment Confirmation"): Actual text and expected text of test object 'Object Repository/Page_CURA Healthcare Service/h2_Appointment Confirmation' are matched.

2024-07-27 21:44:17 - [MESSAGE][PASSED] - Actual text and expected text of test object 'Object Repository/Page_CURA Healthcare Service/h2_Appointment Confirmation' are matched.

2024-07-27 21:44:17 - [TEST_STEP][PASSED] - verifyElementText(findTestObject("Object Repository/Page_CURA Healthcare Service/p_Please be informed that your appointment _11813a"), "Please be informed that your appointment has been booked as following:"): Actual text and expected text of test object 'Object Repository/Page_CURA Healthcare Service/p_Please be informed that your appointment _11813a' are matched.

2024-07-27 21:44:18 - [MESSAGE][PASSED] - Actual text and expected text of test object 'Object Repository/Page_CURA Healthcare Service/p_Please be informed that your appointment _11813a' are matched.

2024-07-27 21:44:18 - [TEST_STEP][PASSED] - click(findTestObject("Object Repository/Page_CURA Healthcare Service/a_Go to Homepage")): Object: 'Object Repository/Page_CURA Healthcare Service/a_Go to Homepage' is clicked on

2024-07-27 21:44:18 - [MESSAGE][PASSED] - Object: 'Object Repository/Page_CURA Healthcare Service/a_Go to Homepage' is clicked on

2024-07-27 21:44:18 - [TEST_STEP][PASSED] - click(findTestObject("Object Repository/Page_CURA Healthcare Service/i_CURA Healthcare_fa fa-bars")): Object: 'Object Repository/Page_CURA Healthcare Service/i_CURA Healthcare_fa fa-bars' is clicked on

2024-07-27 21:44:19 - [MESSAGE][PASSED] - Object: 'Object Repository/Page_CURA Healthcare Service/i_CURA Healthcare_fa fa-bars' is clicked on

2024-07-27 21:44:19 - [TEST_STEP][PASSED] - click(findTestObject("Object Repository/Page_CURA Healthcare Service/a_Logout")): Object: 'Object Repository/Page_CURA Healthcare Service/a_Logout' is clicked on

2024-07-27 21:44:20 - [MESSAGE][PASSED] - Object: 'Object Repository/Page_CURA Healthcare Service/a_Logout' is clicked on

2024-07-27 21:44:20 - [TEST_STEP][PASSED] - closeBrowser(): Browser is closed

2024-07-27 21:44:21 - [MESSAGE][PASSED] - Browser is closed]]></system-out>
         <system-err><![CDATA[]]></system-err>
      </testcase>
      <testcase name="Test Cases/Login-username tidak sesuai" time="23.914" classname="Test Cases/Login-username tidak sesuai" status="PASSED">
         <system-out><![CDATA[2024-07-27 21:44:21 - [TEST_CASE][PASSED] - Test Cases/Login-username tidak sesuai: Test Cases/Login-username tidak sesuai

2024-07-27 21:44:21 - [TEST_STEP][PASSED] - openBrowser(""): Browser is opened with url: ''

2024-07-27 21:44:21 - [MESSAGE][INFO] - Starting 'Chrome' driver

2024-07-27 21:44:21 - [MESSAGE][INFO] - Action delay is set to 0 milliseconds

2024-07-27 21:44:30 - [MESSAGE][PASSED] - Browser is opened with url: ''

2024-07-27 21:44:30 - [TEST_STEP][PASSED] - navigateToUrl("https://katalon-demo-cura.herokuapp.com/"): Navigate to 'https://katalon-demo-cura.herokuapp.com/' successfully

2024-07-27 21:44:35 - [MESSAGE][PASSED] - Navigate to 'https://katalon-demo-cura.herokuapp.com/' successfully

2024-07-27 21:44:35 - [TEST_STEP][PASSED] - maximizeWindow(): Current window maximized

2024-07-27 21:44:35 - [MESSAGE][PASSED] - Current window maximized

2024-07-27 21:44:35 - [TEST_STEP][PASSED] - click(findTestObject("Page_CURA Healthcare Service/Page_CURA Healthcare Service/a_Make Appointment")): Object: 'Object Repository/Page_CURA Healthcare Service/Page_CURA Healthcare Service/a_Make Appointment' is clicked on

2024-07-27 21:44:38 - [MESSAGE][PASSED] - Object: 'Object Repository/Page_CURA Healthcare Service/Page_CURA Healthcare Service/a_Make Appointment' is clicked on

2024-07-27 21:44:38 - [TEST_STEP][PASSED] - setText(findTestObject("Object Repository/Page_CURA Healthcare Service/input_Username_username"), "Test Username Tidak Sesuai"): Text 'Test Username Tidak Sesuai' is set on object 'Object Repository/Page_CURA Healthcare Service/input_Username_username'

2024-07-27 21:44:41 - [MESSAGE][PASSED] - Text 'Test Username Tidak Sesuai' is set on object 'Object Repository/Page_CURA Healthcare Service/input_Username_username'

2024-07-27 21:44:41 - [TEST_STEP][PASSED] - setEncryptedText(findTestObject("Object Repository/Page_CURA Healthcare Service/input_Password_password"), "g3/DOGG74jC3Flrr3yH+3D/yKbOqqUNM"): Text ****** has been set on object 'Object Repository/Page_CURA Healthcare Service/input_Password_password'

2024-07-27 21:44:42 - [MESSAGE][PASSED] - Text ****** has been set on object 'Object Repository/Page_CURA Healthcare Service/input_Password_password'

2024-07-27 21:44:42 - [TEST_STEP][PASSED] - click(findTestObject("Object Repository/Page_CURA Healthcare Service/button_Login")): Object: 'Object Repository/Page_CURA Healthcare Service/button_Login' is clicked on

2024-07-27 21:44:44 - [MESSAGE][PASSED] - Object: 'Object Repository/Page_CURA Healthcare Service/button_Login' is clicked on

2024-07-27 21:44:44 - [TEST_STEP][PASSED] - verifyElementText(findTestObject("Page_CURA Healthcare Service/Page_CURA Healthcare Service/p_Login failed Please ensure the username and password are valid"), "Login failed! Please ensure the username and password are valid."): Actual text and expected text of test object 'Object Repository/Page_CURA Healthcare Service/Page_CURA Healthcare Service/p_Login failed Please ensure the username and password are valid' are matched.

2024-07-27 21:44:44 - [MESSAGE][PASSED] - Actual text and expected text of test object 'Object Repository/Page_CURA Healthcare Service/Page_CURA Healthcare Service/p_Login failed Please ensure the username and password are valid' are matched.]]></system-out>
         <system-err><![CDATA[]]></system-err>
      </testcase>
      <testcase name="Test Cases/Login-password kosong" time="24.12" classname="Test Cases/Login-password kosong" status="PASSED">
         <system-out><![CDATA[2024-07-27 21:44:44 - [TEST_CASE][PASSED] - Test Cases/Login-password kosong: Test Cases/Login-password kosong

2024-07-27 21:44:45 - [TEST_STEP][PASSED] - openBrowser(""): Browser is opened with url: ''

2024-07-27 21:44:45 - [MESSAGE][WARNING] - A browser is already opened. Closing browser and opening a new one

2024-07-27 21:44:45 - [MESSAGE][INFO] - Starting 'Chrome' driver

2024-07-27 21:44:45 - [MESSAGE][INFO] - Action delay is set to 0 milliseconds

2024-07-27 21:44:54 - [MESSAGE][PASSED] - Browser is opened with url: ''

2024-07-27 21:44:54 - [TEST_STEP][PASSED] - navigateToUrl("https://katalon-demo-cura.herokuapp.com/"): Navigate to 'https://katalon-demo-cura.herokuapp.com/' successfully

2024-07-27 21:44:59 - [MESSAGE][PASSED] - Navigate to 'https://katalon-demo-cura.herokuapp.com/' successfully

2024-07-27 21:44:59 - [TEST_STEP][PASSED] - maximizeWindow(): Current window maximized

2024-07-27 21:44:59 - [MESSAGE][PASSED] - Current window maximized

2024-07-27 21:44:59 - [TEST_STEP][PASSED] - click(findTestObject("Page_CURA Healthcare Service/Page_CURA Healthcare Service/a_Make Appointment")): Object: 'Object Repository/Page_CURA Healthcare Service/Page_CURA Healthcare Service/a_Make Appointment' is clicked on

2024-07-27 21:45:03 - [MESSAGE][PASSED] - Object: 'Object Repository/Page_CURA Healthcare Service/Page_CURA Healthcare Service/a_Make Appointment' is clicked on

2024-07-27 21:45:03 - [TEST_STEP][PASSED] - setText(findTestObject("Object Repository/Page_CURA Healthcare Service/input_Username_username"), "John Doe"): Text 'John Doe' is set on object 'Object Repository/Page_CURA Healthcare Service/input_Username_username'

2024-07-27 21:45:05 - [MESSAGE][PASSED] - Text 'John Doe' is set on object 'Object Repository/Page_CURA Healthcare Service/input_Username_username'

2024-07-27 21:45:05 - [TEST_STEP][PASSED] - click(findTestObject("Object Repository/Page_CURA Healthcare Service/button_Login")): Object: 'Object Repository/Page_CURA Healthcare Service/button_Login' is clicked on

2024-07-27 21:45:08 - [MESSAGE][PASSED] - Object: 'Object Repository/Page_CURA Healthcare Service/button_Login' is clicked on

2024-07-27 21:45:08 - [TEST_STEP][PASSED] - verifyElementText(findTestObject("Page_CURA Healthcare Service/Page_CURA Healthcare Service/p_Login failed Please ensure the username and password are valid"), "Login failed! Please ensure the username and password are valid."): Actual text and expected text of test object 'Object Repository/Page_CURA Healthcare Service/Page_CURA Healthcare Service/p_Login failed Please ensure the username and password are valid' are matched.

2024-07-27 21:45:09 - [MESSAGE][PASSED] - Actual text and expected text of test object 'Object Repository/Page_CURA Healthcare Service/Page_CURA Healthcare Service/p_Login failed Please ensure the username and password are valid' are matched.]]></system-out>
         <system-err><![CDATA[]]></system-err>
      </testcase>
      <testcase name="Test Cases/Login-normal" time="24.423" classname="Test Cases/Login-normal" status="PASSED">
         <system-out><![CDATA[2024-07-27 21:45:09 - [TEST_CASE][PASSED] - Test Cases/Login-normal: Test Cases/Login-normal

2024-07-27 21:45:09 - [TEST_STEP][PASSED] - openBrowser(""): Browser is opened with url: ''

2024-07-27 21:45:09 - [MESSAGE][WARNING] - A browser is already opened. Closing browser and opening a new one

2024-07-27 21:45:09 - [MESSAGE][INFO] - Starting 'Chrome' driver

2024-07-27 21:45:09 - [MESSAGE][INFO] - Action delay is set to 0 milliseconds

2024-07-27 21:45:17 - [MESSAGE][PASSED] - Browser is opened with url: ''

2024-07-27 21:45:17 - [TEST_STEP][PASSED] - navigateToUrl("https://katalon-demo-cura.herokuapp.com/"): Navigate to 'https://katalon-demo-cura.herokuapp.com/' successfully

2024-07-27 21:45:22 - [MESSAGE][PASSED] - Navigate to 'https://katalon-demo-cura.herokuapp.com/' successfully

2024-07-27 21:45:22 - [TEST_STEP][PASSED] - maximizeWindow(): Current window maximized

2024-07-27 21:45:22 - [MESSAGE][PASSED] - Current window maximized

2024-07-27 21:45:22 - [TEST_STEP][PASSED] - click(findTestObject("Page_CURA Healthcare Service/Page_CURA Healthcare Service/a_Make Appointment")): Object: 'Object Repository/Page_CURA Healthcare Service/Page_CURA Healthcare Service/a_Make Appointment' is clicked on

2024-07-27 21:45:25 - [MESSAGE][PASSED] - Object: 'Object Repository/Page_CURA Healthcare Service/Page_CURA Healthcare Service/a_Make Appointment' is clicked on

2024-07-27 21:45:25 - [TEST_STEP][PASSED] - setText(findTestObject("Object Repository/Page_CURA Healthcare Service/input_Username_username"), "John Doe"): Text 'John Doe' is set on object 'Object Repository/Page_CURA Healthcare Service/input_Username_username'

2024-07-27 21:45:27 - [MESSAGE][PASSED] - Text 'John Doe' is set on object 'Object Repository/Page_CURA Healthcare Service/input_Username_username'

2024-07-27 21:45:27 - [TEST_STEP][PASSED] - setEncryptedText(findTestObject("Object Repository/Page_CURA Healthcare Service/input_Password_password"), "g3/DOGG74jC3Flrr3yH+3D/yKbOqqUNM"): Text ****** has been set on object 'Object Repository/Page_CURA Healthcare Service/input_Password_password'

2024-07-27 21:45:28 - [MESSAGE][PASSED] - Text ****** has been set on object 'Object Repository/Page_CURA Healthcare Service/input_Password_password'

2024-07-27 21:45:28 - [TEST_STEP][PASSED] - click(findTestObject("Object Repository/Page_CURA Healthcare Service/button_Login")): Object: 'Object Repository/Page_CURA Healthcare Service/button_Login' is clicked on

2024-07-27 21:45:33 - [MESSAGE][PASSED] - Object: 'Object Repository/Page_CURA Healthcare Service/button_Login' is clicked on

2024-07-27 21:45:33 - [TEST_STEP][PASSED] - verifyElementText(findTestObject("Object Repository/Page_CURA Healthcare Service/h2_Make Appointment"), "Make Appointment"): Actual text and expected text of test object 'Object Repository/Page_CURA Healthcare Service/h2_Make Appointment' are matched.

2024-07-27 21:45:33 - [MESSAGE][PASSED] - Actual text and expected text of test object 'Object Repository/Page_CURA Healthcare Service/h2_Make Appointment' are matched.]]></system-out>
         <system-err><![CDATA[]]></system-err>
      </testcase>
      <testcase name="Test Cases/Login-password tidak sesuai" time="21.313" classname="Test Cases/Login-password tidak sesuai" status="PASSED">
         <system-out><![CDATA[2024-07-27 21:45:33 - [TEST_CASE][PASSED] - Test Cases/Login-password tidak sesuai: Test Cases/Login-password tidak sesuai

2024-07-27 21:45:34 - [TEST_STEP][PASSED] - openBrowser(""): Browser is opened with url: ''

2024-07-27 21:45:34 - [MESSAGE][WARNING] - A browser is already opened. Closing browser and opening a new one

2024-07-27 21:45:34 - [MESSAGE][INFO] - Starting 'Chrome' driver

2024-07-27 21:45:34 - [MESSAGE][INFO] - Action delay is set to 0 milliseconds

2024-07-27 21:45:41 - [MESSAGE][PASSED] - Browser is opened with url: ''

2024-07-27 21:45:41 - [TEST_STEP][PASSED] - navigateToUrl("https://katalon-demo-cura.herokuapp.com/"): Navigate to 'https://katalon-demo-cura.herokuapp.com/' successfully

2024-07-27 21:45:46 - [MESSAGE][PASSED] - Navigate to 'https://katalon-demo-cura.herokuapp.com/' successfully

2024-07-27 21:45:46 - [TEST_STEP][PASSED] - maximizeWindow(): Current window maximized

2024-07-27 21:45:46 - [MESSAGE][PASSED] - Current window maximized

2024-07-27 21:45:46 - [TEST_STEP][PASSED] - click(findTestObject("Page_CURA Healthcare Service/Page_CURA Healthcare Service/a_Make Appointment")): Object: 'Object Repository/Page_CURA Healthcare Service/Page_CURA Healthcare Service/a_Make Appointment' is clicked on

2024-07-27 21:45:49 - [MESSAGE][PASSED] - Object: 'Object Repository/Page_CURA Healthcare Service/Page_CURA Healthcare Service/a_Make Appointment' is clicked on

2024-07-27 21:45:49 - [TEST_STEP][PASSED] - setText(findTestObject("Object Repository/Page_CURA Healthcare Service/input_Username_username"), "John Doe"): Text 'John Doe' is set on object 'Object Repository/Page_CURA Healthcare Service/input_Username_username'

2024-07-27 21:45:50 - [MESSAGE][PASSED] - Text 'John Doe' is set on object 'Object Repository/Page_CURA Healthcare Service/input_Username_username'

2024-07-27 21:45:50 - [TEST_STEP][PASSED] - setEncryptedText(findTestObject("Object Repository/Page_CURA Healthcare Service/input_Password_password"), "8SQVv/p9jVShBViXhzIoKTDHvBm4BLJ0"): Text ****** has been set on object 'Object Repository/Page_CURA Healthcare Service/input_Password_password'

2024-07-27 21:45:51 - [MESSAGE][PASSED] - Text ****** has been set on object 'Object Repository/Page_CURA Healthcare Service/input_Password_password'

2024-07-27 21:45:51 - [TEST_STEP][PASSED] - click(findTestObject("Object Repository/Page_CURA Healthcare Service/button_Login")): Object: 'Object Repository/Page_CURA Healthcare Service/button_Login' is clicked on

2024-07-27 21:45:54 - [MESSAGE][PASSED] - Object: 'Object Repository/Page_CURA Healthcare Service/button_Login' is clicked on

2024-07-27 21:45:54 - [TEST_STEP][PASSED] - verifyElementText(findTestObject("Page_CURA Healthcare Service/Page_CURA Healthcare Service/p_Login failed Please ensure the username and password are valid"), "Login failed! Please ensure the username and password are valid."): Actual text and expected text of test object 'Object Repository/Page_CURA Healthcare Service/Page_CURA Healthcare Service/p_Login failed Please ensure the username and password are valid' are matched.

2024-07-27 21:45:54 - [MESSAGE][PASSED] - Actual text and expected text of test object 'Object Repository/Page_CURA Healthcare Service/Page_CURA Healthcare Service/p_Login failed Please ensure the username and password are valid' are matched.]]></system-out>
         <system-err><![CDATA[]]></system-err>
      </testcase>
      <system-out><![CDATA[2024-07-27 21:42:29 - [TEST_SUITE][PASSED] - Login: Test Cases/Login-password tidak sesuai]]></system-out>
      <system-err><![CDATA[]]></system-err>
   </testsuite>
</testsuites>
